<?xml version="1.0" encoding="UTF-8"?>
<!-- Generated by org.testng.reporters.JUnitReportReporter -->
<testsuite hostname="DESKTOP-SQCB40S" failures="0" tests="1" name="testcases.Output" time="21.640" errors="0" timestamp="2021-05-15T17:40:32 IST" skipped="0">
  <testcase classname="testcases.Output" name="runlogin" time="21.640"/>
  <system-out/>
</testsuite> <!-- testcases.Output -->
