<?xml version="1.0" encoding="UTF-8"?>
<!-- Generated by org.testng.reporters.JUnitReportReporter -->
<testsuite hostname="DESKTOP-SQCB40S" failures="0" tests="2" name="testcase.Assgn" time="0.011" errors="0" timestamp="2021-05-15T18:42:07 IST" skipped="1">
  <testcase classname="testcase.Assgn" name="JackFruit" time="0.011"/>
  <system-out/>
  <testcase classname="testcase.Assgn" name="Orange">
    <skipped/>
  </testcase> <!-- Orange -->
  <system-out/>
</testsuite> <!-- testcase.Assgn -->
