<?xml version="1.0" encoding="UTF-8"?>
<!-- Generated by org.testng.reporters.JUnitReportReporter -->
<testsuite hostname="DESKTOP-SQCB40S" failures="0" tests="3" name="commondp.CreateLead" time="47.866" errors="0" timestamp="2021-05-15T18:49:15 IST" skipped="0">
  <testcase classname="commondp.CreateLead" name="runcreatelead" time="15.140"/>
  <system-out/>
  <testcase classname="commondp.CreateLead" name="runcreatelead" time="17.702"/>
  <system-out/>
  <testcase classname="commondp.CreateLead" name="runcreatelead" time="15.024"/>
  <system-out/>
</testsuite> <!-- commondp.CreateLead -->
